<?xml version="1.0" encoding="UTF-8"?>
<!-- Generated by org.testng.reporters.JUnitXMLReporter -->
<testsuite hostname="Tech-KrishnaS" name="Test" tests="4" failures="0" timestamp="21 Aug 2019 14:45:25 GMT" time="127.711" errors="0">
  <testcase name="getInput" time="13.808" classname="agro.assignment.Setup"/>
  <testcase name="createand_verify_repo" time="8.53" classname="agro.assignment.ApiTestSuite"/>
  <testcase name="starandverify" time="1.385" classname="agro.assignment.ApiTestSuite"/>
  <testcase name="SearchandPlaceOrder" time="104.412" classname="agro.assignment.gitSearch"/>
</testsuite> <!-- Test -->
